d:\kgaclass\sfml framework\sfml template\x64\debug\vc143.pdb
d:\kgaclass\sfml framework\sfml template\x64\debug\vc143.idb
d:\kgaclass\sfml framework\sfml template\x64\debug\bat.obj
d:\kgaclass\sfml framework\sfml template\x64\debug\ball.obj
d:\kgaclass\sfml framework\sfml template\x64\debug\textgo.obj
d:\kgaclass\sfml framework\sfml template\x64\debug\utils.obj
d:\kgaclass\sfml framework\sfml template\x64\debug\main.obj
d:\kgaclass\sfml framework\sfml template\x64\debug\spritego.obj
d:\kgaclass\sfml framework\sfml template\x64\debug\scenemgr.obj
d:\kgaclass\sfml framework\sfml template\x64\debug\scenedev2.obj
d:\kgaclass\sfml framework\sfml template\x64\debug\scenedev1.obj
d:\kgaclass\sfml framework\sfml template\x64\debug\scene.obj
d:\kgaclass\sfml framework\sfml template\x64\debug\inputmgr.obj
d:\kgaclass\sfml framework\sfml template\x64\debug\gameobject.obj
d:\kgaclass\sfml framework\sfml template\x64\debug\framework.obj
d:\kgaclass\sfml framework\sfml template\x64\debug\player.obj
d:\kgaclass\sfml framework\sfml template\x64\debug\sceneponggame.obj
d:\kgaclass\sfml framework\sfml template\x64\debug\scenezombiegame.obj
d:\kgaclass\sfml framework\sfml template\x64\debug\sfml template-d.pch
d:\kgaclass\sfml framework\sfml template\x64\debug\stdafx.obj
d:\kgaclass\sfml framework\sfml template\x64\debug\tilemap.obj
d:\kgaclass\sfml template bin\sfml template-d.exe
d:\kgaclass\sfml template bin\sfml template-d.pdb
d:\kgaclass\sfml framework\sfml template\x64\debug\sfml template-d.ilk
d:\kgaclass\sfml framework\sfml template\x64\debug\scenegame.obj
d:\kgaclass\sfml framework\sfml template\x64\debug\xxxgameobject.obj
d:\kgaclass\sfml framework\sfml template\x64\debug\ball.obj.enc
d:\kgaclass\sfml framework\sfml template\x64\debug\sfml template.tlog\cl.command.1.tlog
d:\kgaclass\sfml framework\sfml template\x64\debug\sfml template.tlog\cl.items.tlog
d:\kgaclass\sfml framework\sfml template\x64\debug\sfml template.tlog\cl.read.1.tlog
d:\kgaclass\sfml framework\sfml template\x64\debug\sfml template.tlog\cl.write.1.tlog
d:\kgaclass\sfml framework\sfml template\x64\debug\sfml template.tlog\link.command.1.tlog
d:\kgaclass\sfml framework\sfml template\x64\debug\sfml template.tlog\link.read.1.tlog
d:\kgaclass\sfml framework\sfml template\x64\debug\sfml template.tlog\link.secondary.1.tlog
d:\kgaclass\sfml framework\sfml template\x64\debug\sfml template.tlog\link.write.1.tlog
